<?xml version="1.0" encoding="UTF-8"?>
<testsuites name="Mocha Tests" time="2.4850" tests="2028" failures="7" skipped="1">
  <testsuite name="Root Suite" timestamp="2025-01-23T17:41:24" tests="0" time="0.0000" failures="0">
  </testsuite>
  <testsuite name="Presence of examples" timestamp="2025-01-23T17:41:24" tests="428" file="/Users/anwankhe/Desktop/xdm/xdm/test/example-presence.js" time="0.0230" failures="7">
    <testcase name="Presence of examples schemas/computed-attributes/profile-computed-attributes.schema.json has at least one example" time="0.0010" classname="schemas/computed-attributes/profile-computed-attributes.schema.json has at least one example">
    </testcase>
    <testcase name="Presence of examples schemas/descriptors/display/alternateDisplayInfo.schema.json has at least one example" time="0.0020" classname="schemas/descriptors/display/alternateDisplayInfo.schema.json has at least one example">
    </testcase>
    <testcase name="Presence of examples schemas/descriptors/display/descriptorMetaEnumRemove.schema.json has at least one example" time="0.0000" classname="schemas/descriptors/display/descriptorMetaEnumRemove.schema.json has at least one example">
    </testcase>
    <testcase name="Presence of examples schemas/descriptors/identity/descriptorIdentity.schema.json has at least one example" time="0.0000" classname="schemas/descriptors/identity/descriptorIdentity.schema.json has at least one example">
    </testcase>
    <testcase name="Presence of examples schemas/descriptors/identity/descriptorReferenceIdentity.schema.json has at least one example" time="0.0000" classname="schemas/descriptors/identity/descriptorReferenceIdentity.schema.json has at least one example">
    </testcase>
    <testcase name="Presence of examples schemas/descriptors/itemselector.schema.json has at least one example" time="0.0000" classname="schemas/descriptors/itemselector.schema.json has at least one example">
    </testcase>
    <testcase name="Presence of examples schemas/descriptors/label/descriptorLabel.schema.json has at least one example" time="0.0000" classname="schemas/descriptors/label/descriptorLabel.schema.json has at least one example">
    </testcase>
    <testcase name="Presence of examples schemas/descriptors/primarykey/descriptorPrimaryKey.schema.json has at least one example" time="0.0000" classname="schemas/descriptors/primarykey/descriptorPrimaryKey.schema.json has at least one example">
    </testcase>
    <testcase name="Presence of examples schemas/descriptors/relationship/descriptorManyToMany.schema.json has at least one example" time="0.0000" classname="schemas/descriptors/relationship/descriptorManyToMany.schema.json has at least one example">
    </testcase>
    <testcase name="Presence of examples schemas/descriptors/relationship/descriptorManyToOne.schema.json has at least one example" time="0.0000" classname="schemas/descriptors/relationship/descriptorManyToOne.schema.json has at least one example">
    </testcase>
    <testcase name="Presence of examples schemas/descriptors/relationship/descriptorOneToMany.schema.json has at least one example" time="0.0000" classname="schemas/descriptors/relationship/descriptorOneToMany.schema.json has at least one example">
    </testcase>
    <testcase name="Presence of examples schemas/descriptors/relationship/descriptorOneToOne.schema.json has at least one example" time="0.0010" classname="schemas/descriptors/relationship/descriptorOneToOne.schema.json has at least one example">
    </testcase>
    <testcase name="Presence of examples schemas/descriptors/relationship/descriptorRelationship.schema.json has at least one example" time="0.0000" classname="schemas/descriptors/relationship/descriptorRelationship.schema.json has at least one example">
    </testcase>
    <testcase name="Presence of examples schemas/descriptors/relationship/eventRelationship.schema.json has at least one example" time="0.0000" classname="schemas/descriptors/relationship/eventRelationship.schema.json has at least one example">
    </testcase>
    <testcase name="Presence of examples schemas/descriptors/relationshipdescriptor.schema.json has at least one example" time="0.0000" classname="schemas/descriptors/relationshipdescriptor.schema.json has at least one example">
    </testcase>
    <testcase name="Presence of examples schemas/descriptors/schemadescriptor.schema.json has at least one example" time="0.0000" classname="schemas/descriptors/schemadescriptor.schema.json has at least one example">
    </testcase>
    <testcase name="Presence of examples schemas/descriptors/search/searchdescriptor.schema.json has at least one example" time="0.0000" classname="schemas/descriptors/search/searchdescriptor.schema.json has at least one example">
    </testcase>
    <testcase name="Presence of examples schemas/descriptors/status/descriptorDeprecated.schema.json has at least one example" time="0.0000" classname="schemas/descriptors/status/descriptorDeprecated.schema.json has at least one example">
    </testcase>
    <testcase name="Presence of examples schemas/descriptors/time-series/descriptorTimeSeriesGranularity.schema.json has at least one example" time="0.0000" classname="schemas/descriptors/time-series/descriptorTimeSeriesGranularity.schema.json has at least one example">
    </testcase>
    <testcase name="Presence of examples schemas/descriptors/version/descriptorVersion.schema.json has at least one example" time="0.0000" classname="schemas/descriptors/version/descriptorVersion.schema.json has at least one example">
    </testcase>
    <testcase name="Presence of examples schemas/destinations/destination-namespace.schema.json has at least one example" time="0.0000" classname="schemas/destinations/destination-namespace.schema.json has at least one example">
    </testcase>
    <testcase name="Presence of examples schemas/destinations/destination-segment.schema.json has at least one example" time="0.0000" classname="schemas/destinations/destination-segment.schema.json has at least one example">
    </testcase>
    <testcase name="Presence of examples schemas/destinations/destination.schema.json has at least one example" time="0.0010" classname="schemas/destinations/destination.schema.json has at least one example">
    </testcase>
    <testcase name="Presence of examples schemas/destinations/solutions/analytics-experienceevent.schema.json has at least one example" time="0.0000" classname="schemas/destinations/solutions/analytics-experienceevent.schema.json has at least one example">
    </testcase>
    <testcase name="Presence of examples schemas/hygiene/aep-hygiene-ops-record.schema.json has at least one example" time="0.0010" classname="schemas/hygiene/aep-hygiene-ops-record.schema.json has at least one example">
    </testcase>
    <testcase name="Presence of examples schemas/hygiene/aep-hygiene.schema.json has at least one example" time="0.0000" classname="schemas/hygiene/aep-hygiene.schema.json has at least one example">
    </testcase>
    <testcase name="Presence of examples schemas/identity/identity-graph-flattened-export.schema.json has at least one example" time="0.0000" classname="schemas/identity/identity-graph-flattened-export.schema.json has at least one example">
    </testcase>
    <testcase name="Presence of examples schemas/identity/identity-namespace.schema.json has at least one example" time="0.0000" classname="schemas/identity/identity-namespace.schema.json has at least one example">
    </testcase>
    <testcase name="Presence of examples schemas/insights-metrics/aep-insight-metrics.schema.json has at least one example" time="0.0000" classname="schemas/insights-metrics/aep-insight-metrics.schema.json has at least one example">
    </testcase>
    <testcase name="Presence of examples schemas/insights-metrics/dim-segment.schema.json has at least one example" time="0.0000" classname="schemas/insights-metrics/dim-segment.schema.json has at least one example">
    </testcase>
    <testcase name="Presence of examples schemas/lakehouse/aep-lakehouse-batch-errors.schema.json has at least one example" time="0.0000" classname="schemas/lakehouse/aep-lakehouse-batch-errors.schema.json has at least one example">
    </testcase>
    <testcase name="Presence of examples schemas/lakehouse/aep-lakehouse-batch-input-files.schema.json has at least one example" time="0.0000" classname="schemas/lakehouse/aep-lakehouse-batch-input-files.schema.json has at least one example">
    </testcase>
    <testcase name="Presence of examples schemas/lakehouse/aep-lakehouse-timeseries.schema.json has at least one example" time="0.0000" classname="schemas/lakehouse/aep-lakehouse-timeseries.schema.json has at least one example">
    </testcase>
    <testcase name="Presence of examples schemas/notifications/ingestion.schema.json has at least one example" time="0.0000" classname="schemas/notifications/ingestion.schema.json has at least one example">
    </testcase>
    <testcase name="Presence of examples schemas/privacy/consentidmap.schema.json has at least one example" time="0.0000" classname="schemas/privacy/consentidmap.schema.json has at least one example">
    </testcase>
    <testcase name="Presence of examples schemas/target/target-classification.schema.json has at least one example" time="0.0000" classname="schemas/target/target-classification.schema.json has at least one example">
    </testcase>
    <testcase name="Presence of examples components/behaviors/adhoc.schema.json has at least one example" time="0.0000" classname="components/behaviors/adhoc.schema.json has at least one example">
    </testcase>
    <testcase name="Presence of examples components/behaviors/record.schema.json has at least one example" time="0.0010" classname="components/behaviors/record.schema.json has at least one example">
    </testcase>
    <testcase name="Presence of examples components/behaviors/time-series.schema.json has at least one example" time="0.0000" classname="components/behaviors/time-series.schema.json has at least one example">
    </testcase>
    <testcase name="Presence of examples components/classes/aircraft.schema.json has at least one example" time="0.0000" classname="components/classes/aircraft.schema.json has at least one example">
    </testcase>
    <testcase name="Presence of examples components/classes/b2b/account_intent.schema.json has at least one example" time="0.0000" classname="components/classes/b2b/account_intent.schema.json has at least one example">
    </testcase>
    <testcase name="Presence of examples components/classes/b2b/account-activity.schema.json has at least one example" time="0.0000" classname="components/classes/b2b/account-activity.schema.json has at least one example">
    </testcase>
    <testcase name="Presence of examples components/classes/b2b/account-history.schema.json has at least one example" time="0.0000" classname="components/classes/b2b/account-history.schema.json has at least one example">
    </testcase>
    <testcase name="Presence of examples components/classes/b2b/account-person.schema.json has at least one example" time="0.0000" classname="components/classes/b2b/account-person.schema.json has at least one example">
    </testcase>
    <testcase name="Presence of examples components/classes/b2b/account.schema.json has at least one example" time="0.0000" classname="components/classes/b2b/account.schema.json has at least one example">
    </testcase>
    <testcase name="Presence of examples components/classes/b2b/marketing-list-member.schema.json has at least one example" time="0.0010" classname="components/classes/b2b/marketing-list-member.schema.json has at least one example">
    </testcase>
    <testcase name="Presence of examples components/classes/b2b/marketing-list.schema.json has at least one example" time="0.0000" classname="components/classes/b2b/marketing-list.schema.json has at least one example">
    </testcase>
    <testcase name="Presence of examples components/classes/b2b/opportunity-contact-role.schema.json has at least one example" time="0.0000" classname="components/classes/b2b/opportunity-contact-role.schema.json has at least one example">
    </testcase>
    <testcase name="Presence of examples components/classes/b2b/opportunity-person.schema.json has at least one example" time="0.0000" classname="components/classes/b2b/opportunity-person.schema.json has at least one example">
    </testcase>
    <testcase name="Presence of examples components/classes/b2b/opportunity.schema.json has at least one example" time="0.0000" classname="components/classes/b2b/opportunity.schema.json has at least one example">
    </testcase>
    <testcase name="Presence of examples components/classes/campaign-member.schema.json has at least one example" time="0.0000" classname="components/classes/campaign-member.schema.json has at least one example">
    </testcase>
    <testcase name="Presence of examples components/classes/campaign.schema.json has at least one example" time="0.0000" classname="components/classes/campaign.schema.json has at least one example">
    </testcase>
    <testcase name="Presence of examples components/classes/content-asset.schema.json has at least one example" time="0.0000" classname="components/classes/content-asset.schema.json has at least one example">
    </testcase>
    <testcase name="Presence of examples components/classes/content-experience.schema.json has at least one example" time="0.0010" classname="components/classes/content-experience.schema.json has at least one example">
    </testcase>
    <testcase name="Presence of examples components/classes/conversion.schema.json has at least one example" time="0.0000" classname="components/classes/conversion.schema.json has at least one example">
    </testcase>
    <testcase name="Presence of examples components/classes/experienceevent.schema.json has at least one example" time="0.0000" classname="components/classes/experienceevent.schema.json has at least one example">
    </testcase>
    <testcase name="Presence of examples components/classes/fsi/atm.schema.json has at least one example" time="0.0000" classname="components/classes/fsi/atm.schema.json has at least one example">
    </testcase>
    <testcase name="Presence of examples components/classes/fsi/branch.schema.json has at least one example" time="0.0000" classname="components/classes/fsi/branch.schema.json has at least one example">
    </testcase>
    <testcase name="Presence of examples components/classes/fsi/policy.schema.json has at least one example" time="0.0000" classname="components/classes/fsi/policy.schema.json has at least one example">
    </testcase>
    <testcase name="Presence of examples components/classes/graphs.schema.json has at least one example" time="0.0000" classname="components/classes/graphs.schema.json has at least one example">
    </testcase>
    <testcase name="Presence of examples components/classes/live-event-schedule.schema.json has at least one example" time="0.0000" classname="components/classes/live-event-schedule.schema.json has at least one example">
    </testcase>
    <testcase name="Presence of examples components/classes/loan.schema.json has at least one example" time="0.0000" classname="components/classes/loan.schema.json has at least one example">
    </testcase>
    <testcase name="Presence of examples components/classes/location.schema.json has at least one example" time="0.0000" classname="components/classes/location.schema.json has at least one example">
    </testcase>
    <testcase name="Presence of examples components/classes/lodging-product.schema.json has at least one example" time="0.0000" classname="components/classes/lodging-product.schema.json has at least one example">
    </testcase>
    <testcase name="Presence of examples components/classes/medication.schema.json has at least one example" time="0.0000" classname="components/classes/medication.schema.json has at least one example">
    </testcase>
    <testcase name="Presence of examples components/classes/payer.schema.json has at least one example" time="0.0000" classname="components/classes/payer.schema.json has at least one example">
    </testcase>
    <testcase name="Presence of examples components/classes/plan.schema.json has at least one example" time="0.0000" classname="components/classes/plan.schema.json has at least one example">
    </testcase>
    <testcase name="Presence of examples components/classes/product.schema.json has at least one example" time="0.0000" classname="components/classes/product.schema.json has at least one example">
    </testcase>
    <testcase name="Presence of examples components/classes/profile.schema.json has at least one example" time="0.0010" classname="components/classes/profile.schema.json has at least one example">
    </testcase>
    <testcase name="Presence of examples components/classes/promotion.schema.json has at least one example" time="0.0000" classname="components/classes/promotion.schema.json has at least one example">
    </testcase>
    <testcase name="Presence of examples components/classes/prospect-profile.schema.json has at least one example" time="0.0000" classname="components/classes/prospect-profile.schema.json has at least one example">
    </testcase>
    <testcase name="Presence of examples components/classes/provider.schema.json has at least one example" time="0.0000" classname="components/classes/provider.schema.json has at least one example">
    </testcase>
    <testcase name="Presence of examples components/classes/restaurant.schema.json has at least one example" time="0.0000" classname="components/classes/restaurant.schema.json has at least one example">
    </testcase>
    <testcase name="Presence of examples components/classes/segmentdefinition.schema.json has at least one example" time="0.0000" classname="components/classes/segmentdefinition.schema.json has at least one example">
    </testcase>
    <testcase name="Presence of examples components/classes/summary_metrics.schema.json has at least one example" time="0.0000" classname="components/classes/summary_metrics.schema.json has at least one example">
    </testcase>
    <testcase name="Presence of examples components/classes/vehicle-product.schema.json has at least one example" time="0.0000" classname="components/classes/vehicle-product.schema.json has at least one example">
    </testcase>
    <testcase name="Presence of examples components/classes/weather.schema.json has at least one example" time="0.0000" classname="components/classes/weather.schema.json has at least one example">
    </testcase>
    <testcase name="Presence of examples components/common/identity.schema.json has at least one example" time="0.0000" classname="components/common/identity.schema.json has at least one example">
    </testcase>
    <testcase name="Presence of examples components/datatypes/advertisingdetails.schema.json has at least one example" time="0.0000" classname="components/datatypes/advertisingdetails.schema.json has at least one example">
    </testcase>
    <testcase name="Presence of examples components/datatypes/advertisingpoddetails.schema.json has at least one example" time="0.0000" classname="components/datatypes/advertisingpoddetails.schema.json has at least one example">
    </testcase>
    <testcase name="Presence of examples components/datatypes/application.schema.json has at least one example" time="0.0000" classname="components/datatypes/application.schema.json has at least one example">
    </testcase>
    <testcase name="Presence of examples components/datatypes/auditing/auditable.schema.json has at least one example" time="0.0000" classname="components/datatypes/auditing/auditable.schema.json has at least one example">
    </testcase>
    <testcase name="Presence of examples components/datatypes/auditing/external-source-system-audit.schema.json has at least one example" time="0.0000" classname="components/datatypes/auditing/external-source-system-audit.schema.json has at least one example">
    </testcase>
    <testcase name="Presence of examples components/datatypes/b2b/account-organization.schema.json has at least one example" time="0.0000" classname="components/datatypes/b2b/account-organization.schema.json has at least one example">
    </testcase>
    <testcase name="Presence of examples components/datatypes/b2b/b2b-account.schema.json has at least one example" time="0.0000" classname="components/datatypes/b2b/b2b-account.schema.json has at least one example">
    </testcase>
    <testcase name="Presence of examples components/datatypes/b2b/b2b-source.schema.json has at least one example" time="0.0000" classname="components/datatypes/b2b/b2b-source.schema.json has at least one example">
    </testcase>
    <testcase name="Presence of examples components/datatypes/b2b/organization.schema.json has at least one example" time="0.0000" classname="components/datatypes/b2b/organization.schema.json has at least one example">
    </testcase>
    <testcase name="Presence of examples components/datatypes/b2b/orgunit.schema.json has at least one example" time="0.0000" classname="components/datatypes/b2b/orgunit.schema.json has at least one example">
    </testcase>
    <testcase name="Presence of examples components/datatypes/billing.schema.json has at least one example" time="0.0000" classname="components/datatypes/billing.schema.json has at least one example">
    </testcase>
    <testcase name="Presence of examples components/datatypes/browserdetails.schema.json has at least one example" time="0.0000" classname="components/datatypes/browserdetails.schema.json has at least one example">
    </testcase>
    <testcase name="Presence of examples components/datatypes/cart.schema.json has at least one example" time="0.0000" classname="components/datatypes/cart.schema.json has at least one example">
    </testcase>
    <testcase name="Presence of examples components/datatypes/categorydata.schema.json has at least one example" time="0.0000" classname="components/datatypes/categorydata.schema.json has at least one example">
    </testcase>
    <testcase name="Presence of examples components/datatypes/channels/application.schema.json has at least one example" time="0.0000" classname="components/datatypes/channels/application.schema.json has at least one example">
    </testcase>
    <testcase name="Presence of examples components/datatypes/channels/channel.schema.json has at least one example" time="0.0000" classname="components/datatypes/channels/channel.schema.json has at least one example">
    </testcase>
    <testcase name="Presence of examples components/datatypes/channels/phone.schema.json has at least one example" time="0.0000" classname="components/datatypes/channels/phone.schema.json has at least one example">
    </testcase>
    <testcase name="Presence of examples components/datatypes/chapterdetails.schema.json has at least one example" time="0.0000" classname="components/datatypes/chapterdetails.schema.json has at least one example">
    </testcase>
    <testcase name="Presence of examples components/datatypes/commercescope.schema.json has at least one example" time="0.0000" classname="components/datatypes/commercescope.schema.json has at least one example">
    </testcase>
    <testcase name="Presence of examples components/datatypes/consent/consent-field.schema.json has at least one example" time="0.0000" classname="components/datatypes/consent/consent-field.schema.json has at least one example">
    </testcase>
    <testcase name="Presence of examples components/datatypes/consent/consent-preferences.schema.json has at least one example" time="0.0000" classname="components/datatypes/consent/consent-preferences.schema.json has at least one example">
    </testcase>
    <testcase name="Presence of examples components/datatypes/consent/consentstring.schema.json has at least one example" time="0.0000" classname="components/datatypes/consent/consentstring.schema.json has at least one example">
    </testcase>
    <testcase name="Presence of examples components/datatypes/consent/marketing-field-basic.schema.json has at least one example" time="0.0000" classname="components/datatypes/consent/marketing-field-basic.schema.json has at least one example">
    </testcase>
    <testcase name="Presence of examples components/datatypes/consent/marketing-field-subscription.schema.json has at least one example" time="0.0000" classname="components/datatypes/consent/marketing-field-subscription.schema.json has at least one example">
    </testcase>
    <testcase name="Presence of examples components/datatypes/consent/personalization-field.schema.json has at least one example" time="0.0000" classname="components/datatypes/consent/personalization-field.schema.json has at least one example">
    </testcase>
    <testcase name="Presence of examples components/datatypes/currency.schema.json has at least one example" time="0.0000" classname="components/datatypes/currency.schema.json has at least one example">
    </testcase>
    <testcase name="Presence of examples components/datatypes/custommetadatadetails.schema.json has at least one example" time="0.0000" classname="components/datatypes/custommetadatadetails.schema.json has at least one example">
    </testcase>
    <testcase name="Presence of examples components/datatypes/data/cart-abandons.schema.json has at least one example" time="0.0000" classname="components/datatypes/data/cart-abandons.schema.json has at least one example">
    </testcase>
    <testcase name="Presence of examples components/datatypes/data/datasource.schema.json has at least one example" time="0.0000" classname="components/datatypes/data/datasource.schema.json has at least one example">
    </testcase>
    <testcase name="Presence of examples components/datatypes/data/measure.schema.json has at least one example" time="0.0000" classname="components/datatypes/data/measure.schema.json has at least one example">
    </testcase>
    <testcase name="Presence of examples components/datatypes/data/metricdefinition.schema.json has at least one example" time="0.0000" classname="components/datatypes/data/metricdefinition.schema.json has at least one example">
    </testcase>
    <testcase name="Presence of examples components/datatypes/data/opens.schema.json has at least one example" time="0.0000" classname="components/datatypes/data/opens.schema.json has at least one example">
    </testcase>
    <testcase name="Presence of examples components/datatypes/data/order.schema.json has at least one example" time="0.0000" classname="components/datatypes/data/order.schema.json has at least one example">
    </testcase>
    <testcase name="Presence of examples components/datatypes/data/pageviews.schema.json has at least one example" time="0.0000" classname="components/datatypes/data/pageviews.schema.json has at least one example">
    </testcase>
    <testcase name="Presence of examples components/datatypes/data/paymentitem.schema.json has at least one example" time="0.0000" classname="components/datatypes/data/paymentitem.schema.json has at least one example">
    </testcase>
    <testcase name="Presence of examples components/datatypes/data/record-timeseries-events.schema.json has at least one example" time="0.0000" classname="components/datatypes/data/record-timeseries-events.schema.json has at least one example">
    </testcase>
    <testcase name="Presence of examples components/datatypes/demographic/address.schema.json has at least one example" time="0.0000" classname="components/datatypes/demographic/address.schema.json has at least one example">
    </testcase>
    <testcase name="Presence of examples components/datatypes/demographic/emailaddress.schema.json has at least one example" time="0.0000" classname="components/datatypes/demographic/emailaddress.schema.json has at least one example">
    </testcase>
    <testcase name="Presence of examples components/datatypes/demographic/geo.schema.json has at least one example" time="0.0000" classname="components/datatypes/demographic/geo.schema.json has at least one example">
    </testcase>
    <testcase name="Presence of examples components/datatypes/demographic/geounit.schema.json has at least one example" time="0.0000" classname="components/datatypes/demographic/geounit.schema.json has at least one example">
    </testcase>
    <testcase name="Presence of examples components/datatypes/demographic/phonenumber.schema.json has at least one example" time="0.0000" classname="components/datatypes/demographic/phonenumber.schema.json has at least one example">
    </testcase>
    <testcase name="Presence of examples components/datatypes/demographic/place.schema.json has at least one example" time="0.0000" classname="components/datatypes/demographic/place.schema.json has at least one example">
    </testcase>
    <testcase name="Presence of examples components/datatypes/deprecated/advertising-timed-asset-reference.schema.json has at least one example" time="0.0000" classname="components/datatypes/deprecated/advertising-timed-asset-reference.schema.json has at least one example">
    </testcase>
    <testcase name="Presence of examples components/datatypes/deprecated/advertising-timed-asset-view-details.schema.json has at least one example" time="0.0000" classname="components/datatypes/deprecated/advertising-timed-asset-view-details.schema.json has at least one example">
    </testcase>
    <testcase name="Presence of examples components/datatypes/deprecated/adviewability.schema.json has at least one example" time="0.0000" classname="components/datatypes/deprecated/adviewability.schema.json has at least one example">
    </testcase>
    <testcase name="Presence of examples components/datatypes/deprecated/beacon-interaction-details.schema.json has at least one example" time="0.0000" classname="components/datatypes/deprecated/beacon-interaction-details.schema.json has at least one example">
    </testcase>
    <testcase name="Presence of examples components/datatypes/deprecated/bounces.schema.json has at least one example" time="0.0000" classname="components/datatypes/deprecated/bounces.schema.json has at least one example">
    </testcase>
    <testcase name="Presence of examples components/datatypes/deprecated/checkouts.schema.json has at least one example" time="0.0000" classname="components/datatypes/deprecated/checkouts.schema.json has at least one example">
    </testcase>
    <testcase name="Presence of examples components/datatypes/deprecated/deprecated-consentpreferences.schema.json has at least one example" time="0.0010" classname="components/datatypes/deprecated/deprecated-consentpreferences.schema.json has at least one example">
    </testcase>
    <testcase name="Presence of examples components/datatypes/deprecated/email-interaction.schema.json has at least one example" time="0.0000" classname="components/datatypes/deprecated/email-interaction.schema.json has at least one example">
    </testcase>
    <testcase name="Presence of examples components/datatypes/deprecated/identity-provider.schema.json has at least one example" time="0.0000" classname="components/datatypes/deprecated/identity-provider.schema.json has at least one example">
    </testcase>
    <testcase name="Presence of examples components/datatypes/deprecated/impressions.schema.json has at least one example" time="0.0000" classname="components/datatypes/deprecated/impressions.schema.json has at least one example">
    </testcase>
    <testcase name="Presence of examples components/datatypes/deprecated/linkclicks.schema.json has at least one example" time="0.0000" classname="components/datatypes/deprecated/linkclicks.schema.json has at least one example">
    </testcase>
    <testcase name="Presence of examples components/datatypes/deprecated/media-timed-asset-reference.schema.json has at least one example" time="0.0000" classname="components/datatypes/deprecated/media-timed-asset-reference.schema.json has at least one example">
    </testcase>
    <testcase name="Presence of examples components/datatypes/deprecated/media-timed-asset-view-details.schema.json has at least one example" time="0.0000" classname="components/datatypes/deprecated/media-timed-asset-view-details.schema.json has at least one example">
    </testcase>
    <testcase name="Presence of examples components/datatypes/deprecated/media-timed-audio.schema.json has at least one example" time="0.0000" classname="components/datatypes/deprecated/media-timed-audio.schema.json has at least one example">
    </testcase>
    <testcase name="Presence of examples components/datatypes/deprecated/media-timed-chapter-asset-reference.schema.json has at least one example" time="0.0000" classname="components/datatypes/deprecated/media-timed-chapter-asset-reference.schema.json has at least one example">
    </testcase>
    <testcase name="Presence of examples components/datatypes/deprecated/media-timed-chapter-view-details.schema.json has at least one example" time="0.0000" classname="components/datatypes/deprecated/media-timed-chapter-view-details.schema.json has at least one example">
    </testcase>
    <testcase name="Presence of examples components/datatypes/deprecated/media-timed-chapter.schema.json has at least one example" time="0.0000" classname="components/datatypes/deprecated/media-timed-chapter.schema.json has at least one example">
    </testcase>
    <testcase name="Presence of examples components/datatypes/deprecated/media-timed-qoe.schema.json has at least one example" time="0.0000" classname="components/datatypes/deprecated/media-timed-qoe.schema.json has at least one example">
    </testcase>
    <testcase name="Presence of examples components/datatypes/deprecated/media-timed.schema.json has at least one example" time="0.0000" classname="components/datatypes/deprecated/media-timed.schema.json has at least one example">
    </testcase>
    <testcase name="Presence of examples components/datatypes/deprecated/media.schema.json has at least one example" time="0.0000" classname="components/datatypes/deprecated/media.schema.json has at least one example">
    </testcase>
    <testcase name="Presence of examples components/datatypes/deprecated/meeting-interaction.schema.json has at least one example" time="0.0000" classname="components/datatypes/deprecated/meeting-interaction.schema.json has at least one example">
    </testcase>
    <testcase name="Presence of examples components/datatypes/deprecated/mirror-pages.schema.json has at least one example" time="0.0000" classname="components/datatypes/deprecated/mirror-pages.schema.json has at least one example">
    </testcase>
    <testcase name="Presence of examples components/datatypes/deprecated/non-deliverables.schema.json has at least one example" time="0.0000" classname="components/datatypes/deprecated/non-deliverables.schema.json has at least one example">
    </testcase>
    <testcase name="Presence of examples components/datatypes/deprecated/not-sent.schema.json has at least one example" time="0.0010" classname="components/datatypes/deprecated/not-sent.schema.json has at least one example">
    </testcase>
    <testcase name="Presence of examples components/datatypes/deprecated/optinout.schema.json has at least one example" time="0.0000" classname="components/datatypes/deprecated/optinout.schema.json has at least one example">
    </testcase>
    <testcase name="Presence of examples components/datatypes/deprecated/phone-interaction.schema.json has at least one example" time="0.0000" classname="components/datatypes/deprecated/phone-interaction.schema.json has at least one example">
    </testcase>
    <testcase name="Presence of examples components/datatypes/deprecated/player-state.schema.json has at least one example" time="0.0000" classname="components/datatypes/deprecated/player-state.schema.json has at least one example">
    </testcase>
    <testcase name="Presence of examples components/datatypes/deprecated/poi-entries.schema.json has at least one example" time="0.0000" classname="components/datatypes/deprecated/poi-entries.schema.json has at least one example">
    </testcase>
    <testcase name="Presence of examples components/datatypes/deprecated/poi-exits.schema.json has at least one example" time="0.0000" classname="components/datatypes/deprecated/poi-exits.schema.json has at least one example">
    </testcase>
    <testcase name="Presence of examples components/datatypes/deprecated/poi-interaction.schema.json has at least one example" time="0.0000" classname="components/datatypes/deprecated/poi-interaction.schema.json has at least one example">
    </testcase>
    <testcase name="Presence of examples components/datatypes/deprecated/principal.schema.json has at least one example" time="0.0000" classname="components/datatypes/deprecated/principal.schema.json has at least one example">
    </testcase>
    <testcase name="Presence of examples components/datatypes/deprecated/product-list-adds.schema.json has at least one example" time="0.0000" classname="components/datatypes/deprecated/product-list-adds.schema.json has at least one example">
    </testcase>
    <testcase name="Presence of examples components/datatypes/deprecated/product-list-opens.schema.json has at least one example" time="0.0000" classname="components/datatypes/deprecated/product-list-opens.schema.json has at least one example">
    </testcase>
    <testcase name="Presence of examples components/datatypes/deprecated/product-list-removals.schema.json has at least one example" time="0.0000" classname="components/datatypes/deprecated/product-list-removals.schema.json has at least one example">
    </testcase>
    <testcase name="Presence of examples components/datatypes/deprecated/product-list-reopens.schema.json has at least one example" time="0.0000" classname="components/datatypes/deprecated/product-list-reopens.schema.json has at least one example">
    </testcase>
    <testcase name="Presence of examples components/datatypes/deprecated/product-list-views.schema.json has at least one example" time="0.0000" classname="components/datatypes/deprecated/product-list-views.schema.json has at least one example">
    </testcase>
    <testcase name="Presence of examples components/datatypes/deprecated/product-views.schema.json has at least one example" time="0.0000" classname="components/datatypes/deprecated/product-views.schema.json has at least one example">
    </testcase>
    <testcase name="Presence of examples components/datatypes/deprecated/purchases.schema.json has at least one example" time="0.0000" classname="components/datatypes/deprecated/purchases.schema.json has at least one example">
    </testcase>
    <testcase name="Presence of examples components/datatypes/deprecated/save-for-laters.schema.json has at least one example" time="0.0000" classname="components/datatypes/deprecated/save-for-laters.schema.json has at least one example">
    </testcase>
    <testcase name="Presence of examples components/datatypes/deprecated/sends.schema.json has at least one example" time="0.0000" classname="components/datatypes/deprecated/sends.schema.json has at least one example">
    </testcase>
    <testcase name="Presence of examples components/datatypes/deprecated/unsubscriptions.schema.json has at least one example" time="0.0000" classname="components/datatypes/deprecated/unsubscriptions.schema.json has at least one example">
    </testcase>
    <testcase name="Presence of examples components/datatypes/deprecated/user-complaints.schema.json has at least one example" time="0.0000" classname="components/datatypes/deprecated/user-complaints.schema.json has at least one example">
    </testcase>
    <testcase name="Presence of examples components/datatypes/deprecated/webinteraction.schema.json has at least one example" time="0.0000" classname="components/datatypes/deprecated/webinteraction.schema.json has at least one example">
    </testcase>
    <testcase name="Presence of examples components/datatypes/deprecated/webpagedetails.schema.json has at least one example" time="0.0000" classname="components/datatypes/deprecated/webpagedetails.schema.json has at least one example">
    </testcase>
    <testcase name="Presence of examples components/datatypes/deprecated/webreferrer.schema.json has at least one example" time="0.0000" classname="components/datatypes/deprecated/webreferrer.schema.json has at least one example">
    </testcase>
    <testcase name="Presence of examples components/datatypes/device.schema.json has at least one example" time="0.0000" classname="components/datatypes/device.schema.json has at least one example">
    </testcase>
    <testcase name="Presence of examples components/datatypes/enduserids.schema.json has at least one example" time="0.0000" classname="components/datatypes/enduserids.schema.json has at least one example">
    </testcase>
    <testcase name="Presence of examples components/datatypes/environment.schema.json has at least one example" time="0.0000" classname="components/datatypes/environment.schema.json has at least one example">
    </testcase>
    <testcase name="Presence of examples components/datatypes/errordetails.schema.json has at least one example" time="0.0000" classname="components/datatypes/errordetails.schema.json has at least one example">
    </testcase>
    <testcase name="Presence of examples components/datatypes/extensible.schema.json has at least one example" time="0.0000" classname="components/datatypes/extensible.schema.json has at least one example">
    </testcase>
    <testcase name="Presence of examples components/datatypes/external/id3/audio.schema.json has at least one example" time="0.0000" classname="components/datatypes/external/id3/audio.schema.json has at least one example">
    </testcase>
    <testcase name="Presence of examples components/datatypes/external/iptc/creator.schema.json has at least one example" time="0.0000" classname="components/datatypes/external/iptc/creator.schema.json has at least one example">
    </testcase>
    <testcase name="Presence of examples components/datatypes/external/iptc/episode.schema.json has at least one example" time="0.0000" classname="components/datatypes/external/iptc/episode.schema.json has at least one example">
    </testcase>
    <testcase name="Presence of examples components/datatypes/external/iptc/rating.schema.json has at least one example" time="0.0010" classname="components/datatypes/external/iptc/rating.schema.json has at least one example">
    </testcase>
    <testcase name="Presence of examples components/datatypes/external/iptc/season.schema.json has at least one example" time="0.0000" classname="components/datatypes/external/iptc/season.schema.json has at least one example">
    </testcase>
    <testcase name="Presence of examples components/datatypes/external/iptc/series.schema.json has at least one example" time="0.0000" classname="components/datatypes/external/iptc/series.schema.json has at least one example">
    </testcase>
    <testcase name="Presence of examples components/datatypes/external/repo/common.schema.json has at least one example" time="0.0000" classname="components/datatypes/external/repo/common.schema.json has at least one example">
    </testcase>
    <testcase name="Presence of examples components/datatypes/external/schema/geocircle.schema.json has at least one example" time="0.0000" classname="components/datatypes/external/schema/geocircle.schema.json has at least one example">
    </testcase>
    <testcase name="Presence of examples components/datatypes/external/schema/geocoordinates.schema.json has at least one example" time="0.0000" classname="components/datatypes/external/schema/geocoordinates.schema.json has at least one example">
    </testcase>
    <testcase name="Presence of examples components/datatypes/external/schema/geoshape.schema.json has at least one example" time="0.0000" classname="components/datatypes/external/schema/geoshape.schema.json has at least one example">
    </testcase>
    <testcase name="Presence of examples components/datatypes/geo-interaction-details.schema.json has at least one example" time="0.0000" classname="components/datatypes/geo-interaction-details.schema.json has at least one example">
    </testcase>
    <testcase name="Presence of examples components/datatypes/identity.schema.json has at least one example" time="0.0010" classname="components/datatypes/identity.schema.json has at least one example">
    </testcase>
    <testcase name="Presence of examples components/datatypes/identityitem.schema.json has at least one example" time="0.0000" classname="components/datatypes/identityitem.schema.json has at least one example">
    </testcase>
    <testcase name="Presence of examples components/datatypes/industry-verticals/claim.schema.json has at least one example" time="0.0000" classname="components/datatypes/industry-verticals/claim.schema.json has at least one example">
    </testcase>
    <testcase name="Presence of examples components/datatypes/industry-verticals/comparisons.schema.json has at least one example" time="0.0000" classname="components/datatypes/industry-verticals/comparisons.schema.json has at least one example">
    </testcase>
    <testcase name="Presence of examples components/datatypes/industry-verticals/file-transfer.schema.json has at least one example" time="0.0000" classname="components/datatypes/industry-verticals/file-transfer.schema.json has at least one example">
    </testcase>
    <testcase name="Presence of examples components/datatypes/industry-verticals/financial-account.schema.json has at least one example" time="0.0000" classname="components/datatypes/industry-verticals/financial-account.schema.json has at least one example">
    </testcase>
    <testcase name="Presence of examples components/datatypes/industry-verticals/form-applications.schema.json has at least one example" time="0.0000" classname="components/datatypes/industry-verticals/form-applications.schema.json has at least one example">
    </testcase>
    <testcase name="Presence of examples components/datatypes/industry-verticals/implementationdetails.schema.json has at least one example" time="0.0000" classname="components/datatypes/industry-verticals/implementationdetails.schema.json has at least one example">
    </testcase>
    <testcase name="Presence of examples components/datatypes/industry-verticals/impressions.schema.json has at least one example" time="0.0000" classname="components/datatypes/industry-verticals/impressions.schema.json has at least one example">
    </testcase>
    <testcase name="Presence of examples components/datatypes/industry-verticals/internal-site-search.schema.json has at least one example" time="0.0000" classname="components/datatypes/industry-verticals/internal-site-search.schema.json has at least one example">
    </testcase>
    <testcase name="Presence of examples components/datatypes/industry-verticals/selfservice.schema.json has at least one example" time="0.0000" classname="components/datatypes/industry-verticals/selfservice.schema.json has at least one example">
    </testcase>
    <testcase name="Presence of examples components/datatypes/industry-verticals/subscription.schema.json has at least one example" time="0.0000" classname="components/datatypes/industry-verticals/subscription.schema.json has at least one example">
    </testcase>
    <testcase name="Presence of examples components/datatypes/industry-verticals/telecom-subscription.schema.json has at least one example" time="0.0000" classname="components/datatypes/industry-verticals/telecom-subscription.schema.json has at least one example">
    </testcase>
    <testcase name="Presence of examples components/datatypes/industry-verticals/tool-usage.schema.json has at least one example" time="0.0000" classname="components/datatypes/industry-verticals/tool-usage.schema.json has at least one example">
    </testcase>
    <testcase name="Presence of examples components/datatypes/industry-verticals/transaction.schema.json has at least one example" time="0.0000" classname="components/datatypes/industry-verticals/transaction.schema.json has at least one example">
    </testcase>
    <testcase name="Presence of examples components/datatypes/keyedlist.schema.json has at least one example" time="0.0000" classname="components/datatypes/keyedlist.schema.json has at least one example">
    </testcase>
    <testcase name="Presence of examples components/datatypes/keyvalue.schema.json has at least one example" time="0.0000" classname="components/datatypes/keyvalue.schema.json has at least one example">
    </testcase>
    <testcase name="Presence of examples components/datatypes/marketing/advertising-break.schema.json has at least one example" time="0.0000" classname="components/datatypes/marketing/advertising-break.schema.json has at least one example">
    </testcase>
    <testcase name="Presence of examples components/datatypes/marketing/advertising.schema.json has at least one example" time="0.0000" classname="components/datatypes/marketing/advertising.schema.json has at least one example">
    </testcase>
    <testcase name="Presence of examples components/datatypes/marketing/commerce.schema.json has at least one example" time="0.0000" classname="components/datatypes/marketing/commerce.schema.json has at least one example">
    </testcase>
    <testcase name="Presence of examples components/datatypes/marketing/direct-marketing.schema.json has at least one example" time="0.0000" classname="components/datatypes/marketing/direct-marketing.schema.json has at least one example">
    </testcase>
    <testcase name="Presence of examples components/datatypes/marketing/directmarketing-address.schema.json has at least one example" time="0.0000" classname="components/datatypes/marketing/directmarketing-address.schema.json has at least one example">
    </testcase>
    <testcase name="Presence of examples components/datatypes/marketing/directmarketing-emailaddress.schema.json has at least one example" time="0.0000" classname="components/datatypes/marketing/directmarketing-emailaddress.schema.json has at least one example">
    </testcase>
    <testcase name="Presence of examples components/datatypes/marketing/directmarketing-phonenumber.schema.json has at least one example" time="0.0000" classname="components/datatypes/marketing/directmarketing-phonenumber.schema.json has at least one example">
    </testcase>
    <testcase name="Presence of examples components/datatypes/marketing/marketing.schema.json has at least one example" time="0.0010" classname="components/datatypes/marketing/marketing.schema.json has at least one example">
    </testcase>
    <testcase name="Presence of examples components/datatypes/mediadetails.schema.json has at least one example" time="0.0000" classname="components/datatypes/mediadetails.schema.json has at least one example">
    </testcase>
    <testcase name="Presence of examples components/datatypes/mediaevent.schema.json has at least one example" time="0.0000" classname="components/datatypes/mediaevent.schema.json has at least one example">
    </testcase>
    <testcase name="Presence of examples components/datatypes/namespace.schema.json has at least one example" time="0.0000" classname="components/datatypes/namespace.schema.json has at least one example">
    </testcase>
    <testcase name="Presence of examples components/datatypes/optinout-additional-details.schema.json has at least one example" time="0.0000" classname="components/datatypes/optinout-additional-details.schema.json has at least one example">
    </testcase>
    <testcase name="Presence of examples components/datatypes/page.schema.json has at least one example" time="0.0000" classname="components/datatypes/page.schema.json has at least one example">
    </testcase>
    <testcase name="Presence of examples components/datatypes/person/person-name.schema.json has at least one example" time="0.0000" classname="components/datatypes/person/person-name.schema.json has at least one example">
    </testcase>
    <testcase name="Presence of examples components/datatypes/person/person.schema.json has at least one example" time="0.0000" classname="components/datatypes/person/person.schema.json has at least one example">
    </testcase>
    <testcase name="Presence of examples components/datatypes/placecontext.schema.json has at least one example" time="0.0000" classname="components/datatypes/placecontext.schema.json has at least one example">
    </testcase>
    <testcase name="Presence of examples components/datatypes/playerstatedata.schema.json has at least one example" time="0.0000" classname="components/datatypes/playerstatedata.schema.json has at least one example">
    </testcase>
    <testcase name="Presence of examples components/datatypes/poi-detail.schema.json has at least one example" time="0.0000" classname="components/datatypes/poi-detail.schema.json has at least one example">
    </testcase>
    <testcase name="Presence of examples components/datatypes/product.schema.json has at least one example" time="0.0000" classname="components/datatypes/product.schema.json has at least one example">
    </testcase>
    <testcase name="Presence of examples components/datatypes/productlistitem.schema.json has at least one example" time="0.0000" classname="components/datatypes/productlistitem.schema.json has at least one example">
    </testcase>
    <testcase name="Presence of examples components/datatypes/profilestitch.schema.json has at least one example" time="0.0000" classname="components/datatypes/profilestitch.schema.json has at least one example">
    </testcase>
    <testcase name="Presence of examples components/datatypes/profilestitchidentity.schema.json has at least one example" time="0.0000" classname="components/datatypes/profilestitchidentity.schema.json has at least one example">
    </testcase>
    <testcase name="Presence of examples components/datatypes/pushdetail.schema.json has at least one example" time="0.0000" classname="components/datatypes/pushdetail.schema.json has at least one example">
    </testcase>
    <testcase name="Presence of examples components/datatypes/pushnotificationtoken.schema.json has at least one example" time="0.0000" classname="components/datatypes/pushnotificationtoken.schema.json has at least one example">
    </testcase>
    <testcase name="Presence of examples components/datatypes/qoedatadetails.schema.json has at least one example" time="0.0010" classname="components/datatypes/qoedatadetails.schema.json has at least one example">
    </testcase>
    <testcase name="Presence of examples components/datatypes/refunditem.schema.json has at least one example" time="0.0000" classname="components/datatypes/refunditem.schema.json has at least one example">
    </testcase>
    <testcase name="Presence of examples components/datatypes/requisitionlist.schema.json has at least one example" time="0.0000" classname="components/datatypes/requisitionlist.schema.json has at least one example">
    </testcase>
    <testcase name="Presence of examples components/datatypes/return.schema.json has at least one example" time="0.0000" classname="components/datatypes/return.schema.json has at least one example">
    </testcase>
    <testcase name="Presence of examples components/datatypes/returnitem.schema.json has at least one example" time="0.0000" classname="components/datatypes/returnitem.schema.json has at least one example">
    </testcase>
    <testcase name="Presence of examples components/datatypes/search.schema.json has at least one example" time="0.0000" classname="components/datatypes/search.schema.json has at least one example">
    </testcase>
    <testcase name="Presence of examples components/datatypes/segmentidentity.schema.json has at least one example" time="0.0000" classname="components/datatypes/segmentidentity.schema.json has at least one example">
    </testcase>
    <testcase name="Presence of examples components/datatypes/segmentmembership.schema.json has at least one example" time="0.0000" classname="components/datatypes/segmentmembership.schema.json has at least one example">
    </testcase>
    <testcase name="Presence of examples components/datatypes/segmentmembershipitem.schema.json has at least one example" time="0.0000" classname="components/datatypes/segmentmembershipitem.schema.json has at least one example">
    </testcase>
    <testcase name="Presence of examples components/datatypes/sessiondetails.schema.json has at least one example" time="0.0000" classname="components/datatypes/sessiondetails.schema.json has at least one example">
    </testcase>
    <testcase name="Presence of examples components/datatypes/shipping.schema.json has at least one example" time="0.0000" classname="components/datatypes/shipping.schema.json has at least one example">
    </testcase>
    <testcase name="Presence of examples components/datatypes/sitesearch.schema.json has at least one example" time="0.0000" classname="components/datatypes/sitesearch.schema.json has at least one example">
    </testcase>
    <testcase name="Presence of examples components/datatypes/store-web-order.schema.json has at least one example" time="0.0000" classname="components/datatypes/store-web-order.schema.json has at least one example">
    </testcase>
    <testcase name="Presence of examples components/datatypes/webinfo.schema.json has at least one example" time="0.0000" classname="components/datatypes/webinfo.schema.json has at least one example">
    </testcase>
    <testcase name="Presence of examples components/fieldgroups/account-person/account-person-details.schema.json has at least one example" time="0.0000" classname="components/fieldgroups/account-person/account-person-details.schema.json has at least one example">
    </testcase>
    <testcase name="Presence of examples components/fieldgroups/account/account-components.schema.json has at least one example" time="0.0000" classname="components/fieldgroups/account/account-components.schema.json has at least one example">
    </testcase>
    <testcase name="Presence of examples components/fieldgroups/account/account-details.schema.json has at least one example" time="0.0000" classname="components/fieldgroups/account/account-details.schema.json has at least one example">
    </testcase>
    <testcase name="Presence of examples components/fieldgroups/account/account-person-components.schema.json has at least one example" time="0.0000" classname="components/fieldgroups/account/account-person-components.schema.json has at least one example">
    </testcase>
    <testcase name="Presence of examples components/fieldgroups/account/events/account-data-value-change.schema.json has at least one example" time="0.0000" classname="components/fieldgroups/account/events/account-data-value-change.schema.json has at least one example">
    </testcase>
    <testcase name="Presence of examples components/fieldgroups/account/events/account-interesting-moment.schema.json has at least one example" time="0.0000" classname="components/fieldgroups/account/events/account-interesting-moment.schema.json has at least one example">
    </testcase>
    <testcase name="Presence of examples components/fieldgroups/account/events/account-score-change.schema.json has at least one example" time="0.0000" classname="components/fieldgroups/account/events/account-score-change.schema.json has at least one example">
    </testcase>
    <testcase name="Presence of examples components/fieldgroups/account/events/add-to-account-list-change.schema.json has at least one example" time="0.0000" classname="components/fieldgroups/account/events/add-to-account-list-change.schema.json has at least one example">
    </testcase>
    <testcase name="Presence of examples components/fieldgroups/account/events/add-to-journey.schema.json has at least one example" time="0.0000" classname="components/fieldgroups/account/events/add-to-journey.schema.json has at least one example">
    </testcase>
    <testcase name="Presence of examples components/fieldgroups/account/events/remove-from-account-list-change.schema.json has at least one example" time="0.0000" classname="components/fieldgroups/account/events/remove-from-account-list-change.schema.json has at least one example">
    </testcase>
    <testcase name="Presence of examples components/fieldgroups/account/events/remove-from-journey.schema.json has at least one example" time="0.0000" classname="components/fieldgroups/account/events/remove-from-journey.schema.json has at least one example">
    </testcase>
    <testcase name="Presence of examples components/fieldgroups/account/related-accounts.schema.json has at least one example" time="0.0000" classname="components/fieldgroups/account/related-accounts.schema.json has at least one example">
    </testcase>
    <testcase name="Presence of examples components/fieldgroups/campaign-member/campaign-member-components.schema.json has at least one example" time="0.0000" classname="components/fieldgroups/campaign-member/campaign-member-components.schema.json has at least one example">
    </testcase>
    <testcase name="Presence of examples components/fieldgroups/campaign-member/campaign-member-details.schema.json has at least one example" time="0.0000" classname="components/fieldgroups/campaign-member/campaign-member-details.schema.json has at least one example">
    </testcase>
    <testcase name="Presence of examples components/fieldgroups/campaign/campaign-components.schema.json has at least one example" time="0.0000" classname="components/fieldgroups/campaign/campaign-components.schema.json has at least one example">
    </testcase>
    <testcase name="Presence of examples components/fieldgroups/campaign/campaign-details.schema.json has at least one example" time="0.0000" classname="components/fieldgroups/campaign/campaign-details.schema.json has at least one example">
    </testcase>
    <testcase name="Presence of examples components/fieldgroups/conversion/currency-conversion-details.schema.json has at least one example" time="0.0000" classname="components/fieldgroups/conversion/currency-conversion-details.schema.json has at least one example">
    </testcase>
    <testcase name="Presence of examples components/fieldgroups/deprecated/deprecated-profile-consent.schema.json has at least one example" time="0.0000" classname="components/fieldgroups/deprecated/deprecated-profile-consent.schema.json has at least one example">
    </testcase>
    <testcase name="Presence of examples components/fieldgroups/deprecated/experienceevent-alert-setup-steps.schema.json has at least one example" time="0.0000" classname="components/fieldgroups/deprecated/experienceevent-alert-setup-steps.schema.json has at least one example">
    </testcase>
    <testcase name="Presence of examples components/fieldgroups/deprecated/experienceevent-appointment-request-steps.schema.json has at least one example" time="0.0000" classname="components/fieldgroups/deprecated/experienceevent-appointment-request-steps.schema.json has at least one example">
    </testcase>
    <testcase name="Presence of examples components/fieldgroups/deprecated/experienceevent-autopay-enrollment-details.schema.json has at least one example" time="0.0000" classname="components/fieldgroups/deprecated/experienceevent-autopay-enrollment-details.schema.json has at least one example">
    </testcase>
    <testcase name="Presence of examples components/fieldgroups/deprecated/experienceevent-dispute-steps.schema.json has at least one example" time="0.0000" classname="components/fieldgroups/deprecated/experienceevent-dispute-steps.schema.json has at least one example">
    </testcase>
    <testcase name="Presence of examples components/fieldgroups/deprecated/experienceevent-enduserids-deprecated.schema.json has at least one example" time="0.0000" classname="components/fieldgroups/deprecated/experienceevent-enduserids-deprecated.schema.json has at least one example">
    </testcase>
    <testcase name="Presence of examples components/fieldgroups/deprecated/experienceevent-financial-account-creation-steps.schema.json has at least one example" time="0.0000" classname="components/fieldgroups/deprecated/experienceevent-financial-account-creation-steps.schema.json has at least one example">
    </testcase>
    <testcase name="Presence of examples components/fieldgroups/deprecated/experienceevent-financial-calculator-steps.schema.json has at least one example" time="0.0000" classname="components/fieldgroups/deprecated/experienceevent-financial-calculator-steps.schema.json has at least one example">
    </testcase>
    <testcase name="Presence of examples components/fieldgroups/deprecated/experienceevent-media.schema.json has at least one example" time="0.0000" classname="components/fieldgroups/deprecated/experienceevent-media.schema.json has at least one example">
    </testcase>
    <testcase name="Presence of examples components/fieldgroups/deprecated/experienceevent-paperless-enrollment-steps.schema.json has at least one example" time="0.0000" classname="components/fieldgroups/deprecated/experienceevent-paperless-enrollment-steps.schema.json has at least one example">
    </testcase>
    <testcase name="Presence of examples components/fieldgroups/deprecated/experienceevent-referral-steps.schema.json has at least one example" time="0.0000" classname="components/fieldgroups/deprecated/experienceevent-referral-steps.schema.json has at least one example">
    </testcase>
    <testcase name="Presence of examples components/fieldgroups/deprecated/experienceevent-request-credit-score-steps.schema.json has at least one example" time="0.0000" classname="components/fieldgroups/deprecated/experienceevent-request-credit-score-steps.schema.json has at least one example">
    </testcase>
    <testcase name="Presence of examples components/fieldgroups/deprecated/experienceevent-support-request.schema.json has at least one example" time="0.0000" classname="components/fieldgroups/deprecated/experienceevent-support-request.schema.json has at least one example">
    </testcase>
    <testcase name="Presence of examples components/fieldgroups/deprecated/experienceevent-watchlist-steps.schema.json has at least one example" time="0.0000" classname="components/fieldgroups/deprecated/experienceevent-watchlist-steps.schema.json has at least one example">
    </testcase>
    <testcase name="Presence of examples components/fieldgroups/deprecated/profile-identities-deprecated.schema.json has at least one example" time="0.0000" classname="components/fieldgroups/deprecated/profile-identities-deprecated.schema.json has at least one example">
    </testcase>
    <testcase name="Presence of examples components/fieldgroups/deprecated/profile-person-details-v2.schema.json has at least one example" time="0.0000" classname="components/fieldgroups/deprecated/profile-person-details-v2.schema.json has at least one example">
    </testcase>
    <testcase name="Presence of examples components/fieldgroups/experience-event/events/add-to-campaign.schema.json has at least one example" time="0.0000" classname="components/fieldgroups/experience-event/events/add-to-campaign.schema.json has at least one example">
    </testcase>
    <testcase name="Presence of examples components/fieldgroups/experience-event/events/add-to-list.schema.json has at least one example" time="0.0000" classname="components/fieldgroups/experience-event/events/add-to-list.schema.json has at least one example">
    </testcase>
    <testcase name="Presence of examples components/fieldgroups/experience-event/events/add-to-opportunity.schema.json has at least one example" time="0.0000" classname="components/fieldgroups/experience-event/events/add-to-opportunity.schema.json has at least one example">
    </testcase>
    <testcase name="Presence of examples components/fieldgroups/experience-event/events/asks-questions-in-webinar.schema.json has at least one example" time="0.0060" classname="components/fieldgroups/experience-event/events/asks-questions-in-webinar.schema.json has at least one example">
      <failure message="Every schema needs at least one example." type="AssertionError [ERR_ASSERTION]"><![CDATA[AssertionError [ERR_ASSERTION]: Every schema needs at least one example.
    at Context.it (test/example-presence.js:21:14)]]></failure>
    </testcase>
    <testcase name="Presence of examples components/fieldgroups/experience-event/events/asset-downloads-in-webinar.schema.json has at least one example" time="0.0010" classname="components/fieldgroups/experience-event/events/asset-downloads-in-webinar.schema.json has at least one example">
      <failure message="Every schema needs at least one example." type="AssertionError [ERR_ASSERTION]"><![CDATA[AssertionError [ERR_ASSERTION]: Every schema needs at least one example.
    at Context.it (test/example-presence.js:21:14)]]></failure>
    </testcase>
    <testcase name="Presence of examples components/fieldgroups/experience-event/events/call-to-action-clicked-in-webinar.schema.json has at least one example" time="0.0000" classname="components/fieldgroups/experience-event/events/call-to-action-clicked-in-webinar.schema.json has at least one example">
      <failure message="Every schema needs at least one example." type="AssertionError [ERR_ASSERTION]"><![CDATA[AssertionError [ERR_ASSERTION]: Every schema needs at least one example.
    at Context.it (test/example-presence.js:21:14)]]></failure>
    </testcase>
    <testcase name="Presence of examples components/fieldgroups/experience-event/events/callwebhook.schema.json has at least one example" time="0.0000" classname="components/fieldgroups/experience-event/events/callwebhook.schema.json has at least one example">
    </testcase>
    <testcase name="Presence of examples components/fieldgroups/experience-event/events/change-campaign-cadence.schema.json has at least one example" time="0.0000" classname="components/fieldgroups/experience-event/events/change-campaign-cadence.schema.json has at least one example">
    </testcase>
    <testcase name="Presence of examples components/fieldgroups/experience-event/events/change-campaign-stream.schema.json has at least one example" time="0.0000" classname="components/fieldgroups/experience-event/events/change-campaign-stream.schema.json has at least one example">
    </testcase>
    <testcase name="Presence of examples components/fieldgroups/experience-event/events/convert-lead.schema.json has at least one example" time="0.0000" classname="components/fieldgroups/experience-event/events/convert-lead.schema.json has at least one example">
    </testcase>
    <testcase name="Presence of examples components/fieldgroups/experience-event/events/emailbounced.schema.json has at least one example" time="0.0000" classname="components/fieldgroups/experience-event/events/emailbounced.schema.json has at least one example">
    </testcase>
    <testcase name="Presence of examples components/fieldgroups/experience-event/events/emailbouncedsoft.schema.json has at least one example" time="0.0000" classname="components/fieldgroups/experience-event/events/emailbouncedsoft.schema.json has at least one example">
    </testcase>
    <testcase name="Presence of examples components/fieldgroups/experience-event/events/emailclicked.schema.json has at least one example" time="0.0000" classname="components/fieldgroups/experience-event/events/emailclicked.schema.json has at least one example">
    </testcase>
    <testcase name="Presence of examples components/fieldgroups/experience-event/events/emaildelivered.schema.json has at least one example" time="0.0000" classname="components/fieldgroups/experience-event/events/emaildelivered.schema.json has at least one example">
    </testcase>
    <testcase name="Presence of examples components/fieldgroups/experience-event/events/emailopened.schema.json has at least one example" time="0.0000" classname="components/fieldgroups/experience-event/events/emailopened.schema.json has at least one example">
    </testcase>
    <testcase name="Presence of examples components/fieldgroups/experience-event/events/emailsent.schema.json has at least one example" time="0.0000" classname="components/fieldgroups/experience-event/events/emailsent.schema.json has at least one example">
    </testcase>
    <testcase name="Presence of examples components/fieldgroups/experience-event/events/emailunsubscribed.schema.json has at least one example" time="0.0000" classname="components/fieldgroups/experience-event/events/emailunsubscribed.schema.json has at least one example">
    </testcase>
    <testcase name="Presence of examples components/fieldgroups/experience-event/events/engaged-with-agent-in-conversational-flow.schema.json has at least one example" time="0.0000" classname="components/fieldgroups/experience-event/events/engaged-with-agent-in-conversational-flow.schema.json has at least one example">
      <failure message="Every schema needs at least one example." type="AssertionError [ERR_ASSERTION]"><![CDATA[AssertionError [ERR_ASSERTION]: Every schema needs at least one example.
    at Context.it (test/example-presence.js:21:14)]]></failure>
    </testcase>
    <testcase name="Presence of examples components/fieldgroups/experience-event/events/engaged-with-dialogue.schema.json has at least one example" time="0.0000" classname="components/fieldgroups/experience-event/events/engaged-with-dialogue.schema.json has at least one example">
    </testcase>
    <testcase name="Presence of examples components/fieldgroups/experience-event/events/formfilledout.schema.json has at least one example" time="0.0000" classname="components/fieldgroups/experience-event/events/formfilledout.schema.json has at least one example">
    </testcase>
    <testcase name="Presence of examples components/fieldgroups/experience-event/events/interacted-with-document-in-dialogue.schema.json has at least one example" time="0.0000" classname="components/fieldgroups/experience-event/events/interacted-with-document-in-dialogue.schema.json has at least one example">
      <failure message="Every schema needs at least one example." type="AssertionError [ERR_ASSERTION]"><![CDATA[AssertionError [ERR_ASSERTION]: Every schema needs at least one example.
    at Context.it (test/example-presence.js:21:14)]]></failure>
    </testcase>
    <testcase name="Presence of examples components/fieldgroups/experience-event/events/interacted-with-document-in-flow.schema.json has at least one example" time="0.0000" classname="components/fieldgroups/experience-event/events/interacted-with-document-in-flow.schema.json has at least one example">
      <failure message="Every schema needs at least one example." type="AssertionError [ERR_ASSERTION]"><![CDATA[AssertionError [ERR_ASSERTION]: Every schema needs at least one example.
    at Context.it (test/example-presence.js:21:14)]]></failure>
    </testcase>
    <testcase name="Presence of examples components/fieldgroups/experience-event/events/interesting-moment.schema.json has at least one example" time="0.0000" classname="components/fieldgroups/experience-event/events/interesting-moment.schema.json has at least one example">
    </testcase>
    <testcase name="Presence of examples components/fieldgroups/experience-event/events/linkclicks.schema.json has at least one example" time="0.0000" classname="components/fieldgroups/experience-event/events/linkclicks.schema.json has at least one example">
    </testcase>
    <testcase name="Presence of examples components/fieldgroups/experience-event/events/merge-leads.schema.json has at least one example" time="0.0000" classname="components/fieldgroups/experience-event/events/merge-leads.schema.json has at least one example">
    </testcase>
    <testcase name="Presence of examples components/fieldgroups/experience-event/events/new-lead.schema.json has at least one example" time="0.0000" classname="components/fieldgroups/experience-event/events/new-lead.schema.json has at least one example">
    </testcase>
    <testcase name="Presence of examples components/fieldgroups/experience-event/events/opportunityupdated.schema.json has at least one example" time="0.0000" classname="components/fieldgroups/experience-event/events/opportunityupdated.schema.json has at least one example">
    </testcase>
    <testcase name="Presence of examples components/fieldgroups/experience-event/events/remove-from-list.schema.json has at least one example" time="0.0000" classname="components/fieldgroups/experience-event/events/remove-from-list.schema.json has at least one example">
    </testcase>
    <testcase name="Presence of examples components/fieldgroups/experience-event/events/remove-from-opportunity.schema.json has at least one example" time="0.0000" classname="components/fieldgroups/experience-event/events/remove-from-opportunity.schema.json has at least one example">
    </testcase>
    <testcase name="Presence of examples components/fieldgroups/experience-event/events/responded-to-poll-in-webinar.schema.json has at least one example" time="0.0000" classname="components/fieldgroups/experience-event/events/responded-to-poll-in-webinar.schema.json has at least one example">
      <failure message="Every schema needs at least one example." type="AssertionError [ERR_ASSERTION]"><![CDATA[AssertionError [ERR_ASSERTION]: Every schema needs at least one example.
    at Context.it (test/example-presence.js:21:14)]]></failure>
    </testcase>
    <testcase name="Presence of examples components/fieldgroups/experience-event/events/revenueStageChanged.schema.json has at least one example" time="0.0000" classname="components/fieldgroups/experience-event/events/revenueStageChanged.schema.json has at least one example">
    </testcase>
    <testcase name="Presence of examples components/fieldgroups/experience-event/events/scorechanged.schema.json has at least one example" time="0.0000" classname="components/fieldgroups/experience-event/events/scorechanged.schema.json has at least one example">
    </testcase>
    <testcase name="Presence of examples components/fieldgroups/experience-event/events/statusincampaignprogressionchanged.schema.json has at least one example" time="0.0000" classname="components/fieldgroups/experience-event/events/statusincampaignprogressionchanged.schema.json has at least one example">
    </testcase>
    <testcase name="Presence of examples components/fieldgroups/experience-event/events/visit-webpage.schema.json has at least one example" time="0.0000" classname="components/fieldgroups/experience-event/events/visit-webpage.schema.json has at least one example">
    </testcase>
    <testcase name="Presence of examples components/fieldgroups/experience-event/experienceevent-advertising.schema.json has at least one example" time="0.0000" classname="components/fieldgroups/experience-event/experienceevent-advertising.schema.json has at least one example">
    </testcase>
    <testcase name="Presence of examples components/fieldgroups/experience-event/experienceevent-application.schema.json has at least one example" time="0.0000" classname="components/fieldgroups/experience-event/experienceevent-application.schema.json has at least one example">
    </testcase>
    <testcase name="Presence of examples components/fieldgroups/experience-event/experienceevent-bot-detection.schema.json has at least one example" time="0.0000" classname="components/fieldgroups/experience-event/experienceevent-bot-detection.schema.json has at least one example">
    </testcase>
    <testcase name="Presence of examples components/fieldgroups/experience-event/experienceevent-card-actions.schema.json has at least one example" time="0.0000" classname="components/fieldgroups/experience-event/experienceevent-card-actions.schema.json has at least one example">
    </testcase>
[...]
    </testcase>
    <testcase name="Presence of invalids components/fieldgroups/experience-event/industry-verticals/experienceevent-vehicle-reservation.schema.json has at least one invalid example" time="0.0000" classname="components/fieldgroups/experience-event/industry-verticals/experienceevent-vehicle-reservation.schema.json has at least one invalid example">
    </testcase>
    <testcase name="Presence of invalids components/fieldgroups/experience-event/industry-verticals/experienceevent-warranty-claim-process.schema.json has at least one invalid example" time="0.0000" classname="components/fieldgroups/experience-event/industry-verticals/experienceevent-warranty-claim-process.schema.json has at least one invalid example">
    </testcase>
    <testcase name="Presence of invalids components/fieldgroups/graphs/graph-edge.schema.json has at least one invalid example" time="0.0000" classname="components/fieldgroups/graphs/graph-edge.schema.json has at least one invalid example">
    </testcase>
    <testcase name="Presence of invalids components/fieldgroups/graphs/graph-node.schema.json has at least one invalid example" time="0.0000" classname="components/fieldgroups/graphs/graph-node.schema.json has at least one invalid example">
    </testcase>
    <testcase name="Presence of invalids components/fieldgroups/graphs/graph.schema.json has at least one invalid example" time="0.0000" classname="components/fieldgroups/graphs/graph.schema.json has at least one invalid example">
    </testcase>
    <testcase name="Presence of invalids components/fieldgroups/intent/account-intent-details.schema.json has at least one invalid example" time="0.0000" classname="components/fieldgroups/intent/account-intent-details.schema.json has at least one invalid example">
    </testcase>
    <testcase name="Presence of invalids components/fieldgroups/live-event-schedule/sports-entertainment-event-schedule.schema.json has at least one invalid example" time="0.0000" classname="components/fieldgroups/live-event-schedule/sports-entertainment-event-schedule.schema.json has at least one invalid example">
    </testcase>
    <testcase name="Presence of invalids components/fieldgroups/location/sports-entertainment-event-venue.schema.json has at least one invalid example" time="0.0000" classname="components/fieldgroups/location/sports-entertainment-event-venue.schema.json has at least one invalid example">
    </testcase>
    <testcase name="Presence of invalids components/fieldgroups/marketing-list/marketing-list-components.schema.json has at least one invalid example" time="0.0000" classname="components/fieldgroups/marketing-list/marketing-list-components.schema.json has at least one invalid example">
    </testcase>
    <testcase name="Presence of invalids components/fieldgroups/marketing-list/marketing-list-member-components.schema.json has at least one invalid example" time="0.0000" classname="components/fieldgroups/marketing-list/marketing-list-member-components.schema.json has at least one invalid example">
    </testcase>
    <testcase name="Presence of invalids components/fieldgroups/medication/healthcare-medication.schema.json has at least one invalid example" time="0.0000" classname="components/fieldgroups/medication/healthcare-medication.schema.json has at least one invalid example">
    </testcase>
    <testcase name="Presence of invalids components/fieldgroups/opportunity-contact-role/opportunity-contact-role-details.schema.json has at least one invalid example" time="0.0000" classname="components/fieldgroups/opportunity-contact-role/opportunity-contact-role-details.schema.json has at least one invalid example">
    </testcase>
    <testcase name="Presence of invalids components/fieldgroups/opportunity/opportunity-components.schema.json has at least one invalid example" time="0.0000" classname="components/fieldgroups/opportunity/opportunity-components.schema.json has at least one invalid example">
    </testcase>
    <testcase name="Presence of invalids components/fieldgroups/opportunity/opportunity-details.schema.json has at least one invalid example" time="0.0000" classname="components/fieldgroups/opportunity/opportunity-details.schema.json has at least one invalid example">
    </testcase>
    <testcase name="Presence of invalids components/fieldgroups/opportunity/opportunity-person-components.schema.json has at least one invalid example" time="0.0000" classname="components/fieldgroups/opportunity/opportunity-person-components.schema.json has at least one invalid example">
    </testcase>
    <testcase name="Presence of invalids components/fieldgroups/plan/healthcare-plan-details.schema.json has at least one invalid example" time="0.0000" classname="components/fieldgroups/plan/healthcare-plan-details.schema.json has at least one invalid example">
    </testcase>
    <testcase name="Presence of invalids components/fieldgroups/product/product-catalog-category.schema.json has at least one invalid example" time="0.0000" classname="components/fieldgroups/product/product-catalog-category.schema.json has at least one invalid example">
    </testcase>
    <testcase name="Presence of invalids components/fieldgroups/product/product-catalog.schema.json has at least one invalid example" time="0.0000" classname="components/fieldgroups/product/product-catalog.schema.json has at least one invalid example">
    </testcase>
    <testcase name="Presence of invalids components/fieldgroups/product/product-category.schema.json has at least one invalid example" time="0.0000" classname="components/fieldgroups/product/product-category.schema.json has at least one invalid example">
    </testcase>
    <testcase name="Presence of invalids components/fieldgroups/product/product-identifiers.schema.json has at least one invalid example" time="0.0000" classname="components/fieldgroups/product/product-identifiers.schema.json has at least one invalid example">
    </testcase>
    <testcase name="Presence of invalids components/fieldgroups/product/product-measurement.schema.json has at least one invalid example" time="0.0000" classname="components/fieldgroups/product/product-measurement.schema.json has at least one invalid example">
    </testcase>
    <testcase name="Presence of invalids components/fieldgroups/profile/b2b-person-components.schema.json has at least one invalid example" time="0.0000" classname="components/fieldgroups/profile/b2b-person-components.schema.json has at least one invalid example">
    </testcase>
    <testcase name="Presence of invalids components/fieldgroups/profile/b2b-person-details.schema.json has at least one invalid example" time="0.0000" classname="components/fieldgroups/profile/b2b-person-details.schema.json has at least one invalid example">
    </testcase>
    <testcase name="Presence of invalids components/fieldgroups/profile/partner-profile-enrichment/profile-partner-enrichment-sample.schema.json has at least one invalid example" time="0.0000" classname="components/fieldgroups/profile/partner-profile-enrichment/profile-partner-enrichment-sample.schema.json has at least one invalid example">
    </testcase>
    <testcase name="Presence of invalids components/fieldgroups/profile/partner-prospect/merkle/prospect-details-merkle-core.schema.json has at least one invalid example" time="0.0000" classname="components/fieldgroups/profile/partner-prospect/merkle/prospect-details-merkle-core.schema.json has at least one invalid example">
    </testcase>
    <testcase name="Presence of invalids components/fieldgroups/profile/partner-prospect/merkle/prospect-details-merkle-corelogic.schema.json has at least one invalid example" time="0.0000" classname="components/fieldgroups/profile/partner-prospect/merkle/prospect-details-merkle-corelogic.schema.json has at least one invalid example">
    </testcase>
    <testcase name="Presence of invalids components/fieldgroups/profile/partner-prospect/merkle/prospect-details-partner-sample.schema.json has at least one invalid example" time="0.0000" classname="components/fieldgroups/profile/partner-prospect/merkle/prospect-details-partner-sample.schema.json has at least one invalid example">
    </testcase>
    <testcase name="Presence of invalids components/fieldgroups/profile/profile-consentResults.schema.json has at least one invalid example" time="0.0000" classname="components/fieldgroups/profile/profile-consentResults.schema.json has at least one invalid example">
    </testcase>
    <testcase name="Presence of invalids components/fieldgroups/profile/profile-consentResultsv2.schema.json has at least one invalid example" time="0.0000" classname="components/fieldgroups/profile/profile-consentResultsv2.schema.json has at least one invalid example">
    </testcase>
    <testcase name="Presence of invalids components/fieldgroups/profile/profile-consents.schema.json has at least one invalid example" time="0.0000" classname="components/fieldgroups/profile/profile-consents.schema.json has at least one invalid example">
    </testcase>
    <testcase name="Presence of invalids components/fieldgroups/profile/profile-directmarketing.schema.json has at least one invalid example" time="0.0000" classname="components/fieldgroups/profile/profile-directmarketing.schema.json has at least one invalid example">
    </testcase>
    <testcase name="Presence of invalids components/fieldgroups/profile/profile-healthcare-member.schema.json has at least one invalid example" time="0.0000" classname="components/fieldgroups/profile/profile-healthcare-member.schema.json has at least one invalid example">
    </testcase>
    <testcase name="Presence of invalids components/fieldgroups/profile/profile-inferred-person.schema.json has at least one invalid example" time="0.0000" classname="components/fieldgroups/profile/profile-inferred-person.schema.json has at least one invalid example">
    </testcase>
    <testcase name="Presence of invalids components/fieldgroups/profile/profile-loyalty-details.schema.json has at least one invalid example" time="0.0000" classname="components/fieldgroups/profile/profile-loyalty-details.schema.json has at least one invalid example">
    </testcase>
    <testcase name="Presence of invalids components/fieldgroups/profile/profile-other-work-details.schema.json has at least one invalid example" time="0.0000" classname="components/fieldgroups/profile/profile-other-work-details.schema.json has at least one invalid example">
    </testcase>
    <testcase name="Presence of invalids components/fieldgroups/profile/profile-owning-entities.schema.json has at least one invalid example" time="0.0000" classname="components/fieldgroups/profile/profile-owning-entities.schema.json has at least one invalid example">
    </testcase>
    <testcase name="Presence of invalids components/fieldgroups/profile/profile-person-details.schema.json has at least one invalid example" time="0.0010" classname="components/fieldgroups/profile/profile-person-details.schema.json has at least one invalid example">
    </testcase>
    <testcase name="Presence of invalids components/fieldgroups/profile/profile-personal-details.schema.json has at least one invalid example" time="0.0000" classname="components/fieldgroups/profile/profile-personal-details.schema.json has at least one invalid example">
    </testcase>
    <testcase name="Presence of invalids components/fieldgroups/profile/profile-personal-finance-details.schema.json has at least one invalid example" time="0.0000" classname="components/fieldgroups/profile/profile-personal-finance-details.schema.json has at least one invalid example">
    </testcase>
    <testcase name="Presence of invalids components/fieldgroups/profile/profile-personal-tax-profile-details.schema.json has at least one invalid example" time="0.0000" classname="components/fieldgroups/profile/profile-personal-tax-profile-details.schema.json has at least one invalid example">
    </testcase>
    <testcase name="Presence of invalids components/fieldgroups/profile/profile-phones.schema.json has at least one invalid example" time="0.0000" classname="components/fieldgroups/profile/profile-phones.schema.json has at least one invalid example">
    </testcase>
    <testcase name="Presence of invalids components/fieldgroups/profile/profile-preferences-details.schema.json has at least one invalid example" time="0.0000" classname="components/fieldgroups/profile/profile-preferences-details.schema.json has at least one invalid example">
    </testcase>
    <testcase name="Presence of invalids components/fieldgroups/profile/profile-privacy.schema.json has at least one invalid example" time="0.0000" classname="components/fieldgroups/profile/profile-privacy.schema.json has at least one invalid example">
    </testcase>
    <testcase name="Presence of invalids components/fieldgroups/profile/profile-push-details.schema.json has at least one invalid example" time="0.0000" classname="components/fieldgroups/profile/profile-push-details.schema.json has at least one invalid example">
    </testcase>
    <testcase name="Presence of invalids components/fieldgroups/profile/profile-push-notification-details.schema.json has at least one invalid example" time="0.0000" classname="components/fieldgroups/profile/profile-push-notification-details.schema.json has at least one invalid example">
    </testcase>
    <testcase name="Presence of invalids components/fieldgroups/profile/profile-responses.schema.json has at least one invalid example" time="0.0000" classname="components/fieldgroups/profile/profile-responses.schema.json has at least one invalid example">
    </testcase>
    <testcase name="Presence of invalids components/fieldgroups/profile/profile-source-system-markers.schema.json has at least one invalid example" time="0.0000" classname="components/fieldgroups/profile/profile-source-system-markers.schema.json has at least one invalid example">
    </testcase>
    <testcase name="Presence of invalids components/fieldgroups/profile/profile-subscriptions.schema.json has at least one invalid example" time="0.0000" classname="components/fieldgroups/profile/profile-subscriptions.schema.json has at least one invalid example">
    </testcase>
    <testcase name="Presence of invalids components/fieldgroups/profile/profile-telecom-subscription.schema.json has at least one invalid example" time="0.0000" classname="components/fieldgroups/profile/profile-telecom-subscription.schema.json has at least one invalid example">
    </testcase>
    <testcase name="Presence of invalids components/fieldgroups/profile/profile-test-profile.schema.json has at least one invalid example" time="0.0000" classname="components/fieldgroups/profile/profile-test-profile.schema.json has at least one invalid example">
    </testcase>
    <testcase name="Presence of invalids components/fieldgroups/profile/profile-travel-preferences.schema.json has at least one invalid example" time="0.0000" classname="components/fieldgroups/profile/profile-travel-preferences.schema.json has at least one invalid example">
    </testcase>
    <testcase name="Presence of invalids components/fieldgroups/profile/profile-user-account-details.schema.json has at least one invalid example" time="0.0000" classname="components/fieldgroups/profile/profile-user-account-details.schema.json has at least one invalid example">
    </testcase>
    <testcase name="Presence of invalids components/fieldgroups/profile/profile-work-details.schema.json has at least one invalid example" time="0.0000" classname="components/fieldgroups/profile/profile-work-details.schema.json has at least one invalid example">
    </testcase>
    <testcase name="Presence of invalids components/fieldgroups/provider/healthcare-provider-details.schema.json has at least one invalid example" time="0.0000" classname="components/fieldgroups/provider/healthcare-provider-details.schema.json has at least one invalid example">
    </testcase>
    <testcase name="Presence of invalids components/fieldgroups/segment-definition/segmentdefinition-expression.schema.json has at least one invalid example" time="0.0000" classname="components/fieldgroups/segment-definition/segmentdefinition-expression.schema.json has at least one invalid example">
    </testcase>
    <testcase name="Presence of invalids components/fieldgroups/shared/changeset.schema.json has at least one invalid example" time="0.0000" classname="components/fieldgroups/shared/changeset.schema.json has at least one invalid example">
    </testcase>
    <testcase name="Presence of invalids components/fieldgroups/shared/current-weather.schema.json has at least one invalid example" time="0.0000" classname="components/fieldgroups/shared/current-weather.schema.json has at least one invalid example">
    </testcase>
    <testcase name="Presence of invalids components/fieldgroups/shared/experienceevent-consumer.schema.json has at least one invalid example" time="0.0000" classname="components/fieldgroups/shared/experienceevent-consumer.schema.json has at least one invalid example">
    </testcase>
    <testcase name="Presence of invalids components/fieldgroups/shared/external-source-system-audit-details.schema.json has at least one invalid example" time="0.0000" classname="components/fieldgroups/shared/external-source-system-audit-details.schema.json has at least one invalid example">
    </testcase>
    <testcase name="Presence of invalids components/fieldgroups/shared/forecasted-weather.schema.json has at least one invalid example" time="0.0000" classname="components/fieldgroups/shared/forecasted-weather.schema.json has at least one invalid example">
    </testcase>
    <testcase name="Presence of invalids components/fieldgroups/shared/identitymap.schema.json has at least one invalid example" time="0.0000" classname="components/fieldgroups/shared/identitymap.schema.json has at least one invalid example">
    </testcase>
    <testcase name="Presence of invalids components/fieldgroups/shared/person-identifier.schema.json has at least one invalid example" time="0.0000" classname="components/fieldgroups/shared/person-identifier.schema.json has at least one invalid example">
    </testcase>
    <testcase name="Presence of invalids components/fieldgroups/shared/product-triggers.schema.json has at least one invalid example" time="0.0000" classname="components/fieldgroups/shared/product-triggers.schema.json has at least one invalid example">
    </testcase>
    <testcase name="Presence of invalids components/fieldgroups/shared/record-status.schema.json has at least one invalid example" time="0.0000" classname="components/fieldgroups/shared/record-status.schema.json has at least one invalid example">
    </testcase>
    <testcase name="Presence of invalids components/fieldgroups/shared/relative-triggers.schema.json has at least one invalid example" time="0.0000" classname="components/fieldgroups/shared/relative-triggers.schema.json has at least one invalid example">
    </testcase>
    <testcase name="Presence of invalids components/fieldgroups/shared/segmentation.schema.json has at least one invalid example" time="0.0000" classname="components/fieldgroups/shared/segmentation.schema.json has at least one invalid example">
    </testcase>
    <testcase name="Presence of invalids components/fieldgroups/shared/severe-triggers.schema.json has at least one invalid example" time="0.0000" classname="components/fieldgroups/shared/severe-triggers.schema.json has at least one invalid example">
    </testcase>
    <testcase name="Presence of invalids components/fieldgroups/shared/weather-triggers.schema.json has at least one invalid example" time="0.0000" classname="components/fieldgroups/shared/weather-triggers.schema.json has at least one invalid example">
    </testcase>
  </testsuite>
  <testsuite name="package.json version" timestamp="2025-01-23T17:41:26" tests="1" file="/Users/anwankhe/Desktop/xdm/xdm/test/version.js" time="0.0000" failures="0">
  </testsuite>
</testsuites>